{"scenario": "STANDARD_ERROR_HANDLING", "verification_result": {"passed": false, "checks": [{"name": "Status Failed", "passed": false, "expected": "FAILED", "actual": "SUCCEEDED"}, {"name": "Intentional Failure Marker Found", "passed": true, "details": "FAIL_TEST marker detected - test passed"}, {"name": "Execution History Analysis", "passed": false, "details": "ExecutionArn not available - detailed flow analysis skipped"}], "timestamp": "2026-01-21T07:06:46.134168", "scenario": "STANDARD_ERROR_HANDLING"}, "execution_status": "SUCCEEDED", "execution_output": {"status": "SUCCEEDED", "state_durations": {}, "final_state": {"test_keyword": "FAIL", "e2e_test_scenario": "STANDARD_ERROR_HANDLING", "e2e_execution_id": "sim-019d9361010d-STANDARD-ERROR-HANDLING-f1e8", "__segment_error": {"error": "FAIL_TEST: \uc758\ub3c4\uc801\uc778 \uc6cc\ud06c\ud50c\ub85c\uc6b0 \uc2e4\ud328", "error_type": "RuntimeError", "retry_attempts": 1, "retry_history": [{"attempt": 1, "error": "FAIL_TEST: \uc758\ub3c4\uc801\uc778 \uc6cc\ud06c\ud50c\ub85c\uc6b0 \uc2e4\ud328", "error_type": "RuntimeError", "timestamp": 1768979204.3059518, "retryable": false}], "retryable": false}, "__segment_status": "PARTIAL_FAILURE", "__failed_segment_id": 0}, "state_s3_path": null, "execution_result": {"error_info": {"error": "FAIL_TEST: \uc758\ub3c4\uc801\uc778 \uc6cc\ud06c\ud50c\ub85c\uc6b0 \uc2e4\ud328", "error_type": "RuntimeError", "retry_attempts": 1, "retry_history": [{"attempt": 1, "error": "FAIL_TEST: \uc758\ub3c4\uc801\uc778 \uc6cc\ud06c\ud50c\ub85c\uc6b0 \uc2e4\ud328", "error_type": "RuntimeError", "timestamp": 1768979204.3059518, "retryable": false}], "retryable": false}, "next_segment_to_run": null, "new_history_logs": [], "final_state": {"test_keyword": "FAIL", "e2e_test_scenario": "STANDARD_ERROR_HANDLING", "e2e_execution_id": "sim-019d9361010d-STANDARD-ERROR-HANDLING-f1e8", "__segment_error": {"error": "FAIL_TEST: \uc758\ub3c4\uc801\uc778 \uc6cc\ud06c\ud50c\ub85c\uc6b0 \uc2e4\ud328", "error_type": "RuntimeError", "retry_attempts": 1, "retry_history": [{"attempt": 1, "error": "FAIL_TEST: \uc758\ub3c4\uc801\uc778 \uc6cc\ud06c\ud50c\ub85c\uc6b0 \uc2e4\ud328", "error_type": "RuntimeError", "timestamp": 1768979204.3059518, "retryable": false}], "retryable": false}, "__segment_status": "PARTIAL_FAILURE", "__failed_segment_id": 0}, "final_state_s3_path": null, "segment_type": "partial_failure", "branches": null, "status": "COMPLETE"}, "loop_counter": 0, "ownerId": "system", "hitp_segments": 0, "execution_id": "arn:aws:states:ap-northeast-2:482421580372:execution:WorkflowOrchestrator-dev:sim-019d9361010d-STANDARD-ERROR-HANDLING-f1e8", "start_time": 1768979203, "llm_segments": 0, "final_state_s3_path": null, "max_loop_iterations": 10, "total_segments": 1, "workflowId": "e2e-test-standard_error_handling"}}