{"scenario": "ERROR_HANDLING", "verification_result": {"passed": false, "checks": [{"name": "Error Scenario Verification", "passed": true, "expected": "FAILED or Handled Error", "actual": "SUCCEEDED (Intentional: True)"}, {"name": "Intentional Failure Marker Found", "passed": true, "details": "FAIL_TEST marker detected - test passed"}, {"name": "Execution History Analysis", "passed": false, "details": "ExecutionArn not available - detailed flow analysis skipped"}], "timestamp": "2026-01-21T07:21:29.922390", "scenario": "ERROR_HANDLING"}, "execution_status": "SUCCEEDED", "execution_output": {"status": "SUCCEEDED", "state_durations": {}, "final_state": {"test_keyword": "FAIL", "e2e_test_scenario": "ERROR_HANDLING", "e2e_execution_id": "sim-bee34332f8bb-ERROR-HANDLING-f8a6", "__segment_error": {"error": "FAIL_TEST: \uc758\ub3c4\uc801\uc778 \uc6cc\ud06c\ud50c\ub85c\uc6b0 \uc2e4\ud328", "error_type": "RuntimeError", "retry_attempts": 1, "retry_history": [{"attempt": 1, "error": "FAIL_TEST: \uc758\ub3c4\uc801\uc778 \uc6cc\ud06c\ud50c\ub85c\uc6b0 \uc2e4\ud328", "error_type": "RuntimeError", "timestamp": 1768980088.2174695, "retryable": false}], "retryable": false}, "__segment_status": "PARTIAL_FAILURE", "__failed_segment_id": 0}, "state_s3_path": null, "execution_result": {"error_info": {"error": "FAIL_TEST: \uc758\ub3c4\uc801\uc778 \uc6cc\ud06c\ud50c\ub85c\uc6b0 \uc2e4\ud328", "error_type": "RuntimeError", "retry_attempts": 1, "retry_history": [{"attempt": 1, "error": "FAIL_TEST: \uc758\ub3c4\uc801\uc778 \uc6cc\ud06c\ud50c\ub85c\uc6b0 \uc2e4\ud328", "error_type": "RuntimeError", "timestamp": 1768980088.2174695, "retryable": false}], "retryable": false}, "next_segment_to_run": null, "new_history_logs": [], "final_state": {"test_keyword": "FAIL", "e2e_test_scenario": "ERROR_HANDLING", "e2e_execution_id": "sim-bee34332f8bb-ERROR-HANDLING-f8a6", "__segment_error": {"error": "FAIL_TEST: \uc758\ub3c4\uc801\uc778 \uc6cc\ud06c\ud50c\ub85c\uc6b0 \uc2e4\ud328", "error_type": "RuntimeError", "retry_attempts": 1, "retry_history": [{"attempt": 1, "error": "FAIL_TEST: \uc758\ub3c4\uc801\uc778 \uc6cc\ud06c\ud50c\ub85c\uc6b0 \uc2e4\ud328", "error_type": "RuntimeError", "timestamp": 1768980088.2174695, "retryable": false}], "retryable": false}, "__segment_status": "PARTIAL_FAILURE", "__failed_segment_id": 0}, "final_state_s3_path": null, "segment_type": "partial_failure", "branches": null, "status": "COMPLETE"}, "loop_counter": 0, "ownerId": "system", "hitp_segments": 0, "execution_id": "arn:aws:states:ap-northeast-2:482421580372:execution:WorkflowDistributedOrchestrator-dev:sim-bee34332f8bb-ERROR-HANDLING-f8a6", "start_time": 1768980087, "llm_segments": 0, "final_state_s3_path": null, "max_loop_iterations": 10, "total_segments": 1, "workflowId": "e2e-test-error_handling"}}