{"scenario": "SPEED_GUARDRAIL_TEST", "verification_result": {"passed": false, "checks": [{"name": "Status Succeeded", "passed": true, "expected": "SUCCEEDED or COMPLETE", "actual": "SUCCEEDED"}, {"name": "Guardrail Activated", "passed": false, "expected": "test_passed=True or guardrail_verified=True", "actual": "test_passed=False, guardrail_verified=False"}, {"name": "Batch Split Applied", "passed": false, "expected": "batch_count >= 2", "actual": "batch_count=0"}, {"name": "Scheduling Metadata Captured", "passed": false, "details": "Should capture kernel scheduling decisions"}, {"name": "120 Branches Defined", "passed": false, "expected": "120 branches", "actual": "0 branches"}, {"name": "Test Result Message", "passed": false, "expected": "\u2705 GUARDRAIL SUCCESS message", "actual": "No TEST_RESULT"}], "timestamp": "2026-01-21T07:07:14.713629", "scenario": "SPEED_GUARDRAIL_TEST"}, "execution_status": "SUCCEEDED", "execution_output": {"status": "SUCCEEDED", "state_durations": {}, "final_state": {"test_keyword": "COMPLETE", "e2e_test_scenario": "SPEED_GUARDRAIL_TEST", "e2e_execution_id": "sim-019d9361010d-SPEED-GUARDRAIL-TEST-21c6", "step_history": [], "prep_done": true, "prep_result": {"status": "ready_for_completion"}, "status": "ready_for_completion", "__new_history_logs": [], "execution_logs": [], "__segment_error": {"error": "Invalid workflow config: 1 validation error for WorkflowConfigModel\nnodes.0.type\n  Value error, Unknown node type: 'aimodel'. Allowed types: ['aggregator', 'branch', 'end', 'hitp', 'input', 'join', 'llm', 'operator', 'output', 'parallel_group', 'pause', 'prompt', 'retriever', 'router', 'start', 'subgraph', 'subgraph_ref', 'tool']. Aliases: {'code': 'operator'} [type=value_error, input_value='aiModel', input_type=str]\n    For further information visit https://errors.pydantic.dev/2.12/v/value_error", "error_type": "ValueError", "retry_attempts": 1, "retry_history": [{"attempt": 1, "error": "Invalid workflow config: 1 validation error for WorkflowConfigModel\nnodes.0.type\n  Value error, Unknown node type: 'aimodel'. Allowed types: ['aggregator', 'branch', 'end', 'hitp', 'input', 'join', 'llm', 'operator', 'output', 'parallel_group', 'pause', 'prompt', 'retriever', 'router', 'start', 'subgraph', 'subgraph_ref', 'tool']. Aliases: {'code': 'operator'} [type=value_error, input_value='aiModel', input_type=str]\n    For further information visit https://errors.pydantic.dev/2.12/v/value_error", "error_type": "ValueError", "timestamp": 1768979232.8009722, "retryable": false}], "retryable": false}, "__segment_status": "PARTIAL_FAILURE", "__failed_segment_id": 1, "TEST_RESULT": "\u2705 SUCCESS: \uc644\ub8cc \ud14c\uc2a4\ud2b8 \uc815\uc0c1 \uc218\ud589\ub428"}, "state_s3_path": null, "execution_result": {"error_info": null, "next_segment_to_run": null, "new_history_logs": [], "final_state": {"test_keyword": "COMPLETE", "e2e_test_scenario": "SPEED_GUARDRAIL_TEST", "e2e_execution_id": "sim-019d9361010d-SPEED-GUARDRAIL-TEST-21c6", "step_history": [], "prep_done": true, "prep_result": {"status": "ready_for_completion"}, "status": "ready_for_completion", "__new_history_logs": [], "execution_logs": [], "__segment_error": {"error": "Invalid workflow config: 1 validation error for WorkflowConfigModel\nnodes.0.type\n  Value error, Unknown node type: 'aimodel'. Allowed types: ['aggregator', 'branch', 'end', 'hitp', 'input', 'join', 'llm', 'operator', 'output', 'parallel_group', 'pause', 'prompt', 'retriever', 'router', 'start', 'subgraph', 'subgraph_ref', 'tool']. Aliases: {'code': 'operator'} [type=value_error, input_value='aiModel', input_type=str]\n    For further information visit https://errors.pydantic.dev/2.12/v/value_error", "error_type": "ValueError", "retry_attempts": 1, "retry_history": [{"attempt": 1, "error": "Invalid workflow config: 1 validation error for WorkflowConfigModel\nnodes.0.type\n  Value error, Unknown node type: 'aimodel'. Allowed types: ['aggregator', 'branch', 'end', 'hitp', 'input', 'join', 'llm', 'operator', 'output', 'parallel_group', 'pause', 'prompt', 'retriever', 'router', 'start', 'subgraph', 'subgraph_ref', 'tool']. Aliases: {'code': 'operator'} [type=value_error, input_value='aiModel', input_type=str]\n    For further information visit https://errors.pydantic.dev/2.12/v/value_error", "error_type": "ValueError", "timestamp": 1768979232.8009722, "retryable": false}], "retryable": false}, "__segment_status": "PARTIAL_FAILURE", "__failed_segment_id": 1, "TEST_RESULT": "\u2705 SUCCESS: \uc644\ub8cc \ud14c\uc2a4\ud2b8 \uc815\uc0c1 \uc218\ud589\ub428"}, "final_state_s3_path": null, "segment_type": "final", "branches": null, "status": "COMPLETE"}, "loop_counter": 2, "ownerId": "system", "hitp_segments": 0, "execution_id": "arn:aws:states:ap-northeast-2:482421580372:execution:WorkflowDistributedOrchestrator-dev:sim-019d9361010d-SPEED-GUARDRAIL-TEST-21c6", "start_time": 1768979232, "llm_segments": 1, "final_state_s3_path": null, "max_loop_iterations": 10, "total_segments": 3, "workflowId": "e2e-test-speed_guardrail_test"}}